"../../../Engine/Content/Functions/Engine_MaterialFunctions01/Shading/PowerToRoughness.uasset" 0
"../../../Engine/Content/Functions/Engine_MaterialFunctions01/Shading/PowerToRoughness.uexp" 1
"../../../Engine/Content/Functions/Engine_MaterialFunctions01/Shading/ConvertFromDiffSpec.uasset" 2
"../../../Engine/Content/Functions/Engine_MaterialFunctions01/Shading/ConvertFromDiffSpec.uexp" 3
"../../../Engine/Content/EngineSounds/Master.uasset" 4
"../../../Engine/Content/EngineSounds/Master.uexp" 5
"../../../Engine/Content/EngineSky/VolumetricClouds/CloudWeatherTexture.uasset" 6
"../../../Engine/Content/EngineSky/VolumetricClouds/CloudWeatherTexture.uexp" 7
"../../../Engine/Content/Functions/Engine_MaterialFunctions02/Utility/MakeFloat2.uasset" 8
"../../../Engine/Content/Functions/Engine_MaterialFunctions02/Utility/MakeFloat2.uexp" 9
"../../../Engine/Content/EngineSky/VolumetricClouds/CloudGradientTexture.uasset" 10
"../../../Engine/Content/EngineSky/VolumetricClouds/CloudGradientTexture.uexp" 11
"../../../Engine/Content/EngineSky/VolumetricClouds/T_NoiseShape64.ubulk" 12
"../../../Engine/Content/EngineSky/VolumetricClouds/T_NoiseShape64.uasset" 13
"../../../Engine/Content/EngineSky/VolumetricClouds/T_NoiseShape64.uexp" 14
"../../../Engine/Content/EngineSky/VolumetricClouds/T_VolumeNoiseShape64.uasset" 15
"../../../Engine/Content/EngineSky/VolumetricClouds/T_VolumeNoiseShape64.uexp" 16
"../../../Engine/Content/EngineSky/VolumetricClouds/T_NoiseErosion.ubulk" 17
"../../../Engine/Content/EngineSky/VolumetricClouds/T_NoiseErosion.uasset" 18
"../../../Engine/Content/EngineSky/VolumetricClouds/T_NoiseErosion.uexp" 19
"../../../Engine/Content/EngineSky/VolumetricClouds/T_VolumeNoiseErosion32.uasset" 20
"../../../Engine/Content/EngineSky/VolumetricClouds/T_VolumeNoiseErosion32.uexp" 21
"../../../Engine/Content/EngineSky/VolumetricClouds/m_SimpleVolumetricCloud.uasset" 22
"../../../Engine/Content/EngineSky/VolumetricClouds/m_SimpleVolumetricCloud.uexp" 23
"../../../Engine/Content/EngineSky/VolumetricClouds/m_SimpleVolumetricCloud_Inst.uasset" 24
"../../../Engine/Content/EngineSky/VolumetricClouds/m_SimpleVolumetricCloud_Inst.uexp" 25
"../../../Engine/Content/EngineResources/GradientTexture0.uasset" 26
"../../../Engine/Content/EngineResources/GradientTexture0.uexp" 27
"../../../Engine/Content/EngineResources/DefaultVolumeTexture2D.uasset" 28
"../../../Engine/Content/EngineResources/DefaultVolumeTexture2D.uexp" 29
"../../../Engine/Content/EngineResources/DefaultVolumeTexture.uasset" 30
"../../../Engine/Content/EngineResources/DefaultVolumeTexture.uexp" 31
"../../../Engine/Content/EngineResources/DefaultTextureCube.uasset" 32
"../../../Engine/Content/EngineResources/DefaultTextureCube.uexp" 33
"../../../Engine/Content/EngineResources/DefaultTexture.ubulk" 34
"../../../Engine/Content/EngineResources/DefaultTexture.uasset" 35
"../../../Engine/Content/EngineResources/DefaultTexture.uexp" 36
"../../../Engine/Content/EngineResources/Black.uasset" 37
"../../../Engine/Content/EngineResources/Black.uexp" 38
"../../../Engine/Content/EngineResources/FilmGrains/Marcie_Grain_v3_128_M2_000.uasset" 39
"../../../Engine/Content/EngineResources/FilmGrains/Marcie_Grain_v3_128_M2_000.uexp" 40
"../../../Engine/Content/EngineMeshes/Sphere.uasset" 41
"../../../Engine/Content/EngineMeshes/Sphere.uexp" 42
"../../../Engine/Content/EngineResources/WhiteSquareTexture.uasset" 43
"../../../Engine/Content/EngineResources/WhiteSquareTexture.uexp" 44
"../../../Engine/Content/EngineMaterials/Widget3DPassThrough.uasset" 45
"../../../Engine/Content/EngineMaterials/Widget3DPassThrough.uexp" 46
"../../../Engine/Content/EngineMaterials/Widget3DPassThrough_Translucent.uasset" 47
"../../../Engine/Content/EngineMaterials/Widget3DPassThrough_Translucent.uexp" 48
"../../../Engine/Content/EngineMaterials/Widget3DPassThrough_Translucent_OneSided.uasset" 49
"../../../Engine/Content/EngineMaterials/Widget3DPassThrough_Translucent_OneSided.uexp" 50
"../../../Engine/Content/EngineMaterials/Widget3DPassThrough_Opaque.uasset" 51
"../../../Engine/Content/EngineMaterials/Widget3DPassThrough_Opaque.uexp" 52
"../../../Engine/Content/EngineMaterials/Widget3DPassThrough_Opaque_OneSided.uasset" 53
"../../../Engine/Content/EngineMaterials/Widget3DPassThrough_Opaque_OneSided.uexp" 54
"../../../Engine/Content/EngineMaterials/Widget3DPassThrough_Masked_OneSided.uasset" 55
"../../../Engine/Content/EngineMaterials/Widget3DPassThrough_Masked_OneSided.uexp" 56
"../../../Engine/Content/EngineMaterials/Widget3DPassThrough_Masked.uasset" 57
"../../../Engine/Content/EngineMaterials/Widget3DPassThrough_Masked.uexp" 58
"../../../Engine/Content/EngineMaterials/WeightMapPlaceholderTexture.uasset" 59
"../../../Engine/Content/EngineMaterials/WeightMapPlaceholderTexture.uexp" 60
"../../../Engine/Content/EngineMaterials/RemoveSurfaceMaterial.uasset" 61
"../../../Engine/Content/EngineMaterials/RemoveSurfaceMaterial.uexp" 62
"../../../Engine/Content/EngineMaterials/PreintegratedSkinBRDF.uasset" 63
"../../../Engine/Content/EngineMaterials/PreintegratedSkinBRDF.uexp" 64
"../../../Engine/Content/EngineMaterials/DefaultCalibrationGrayscale.uasset" 65
"../../../Engine/Content/EngineMaterials/DefaultCalibrationGrayscale.uexp" 66
"../../../Engine/Content/EngineMaterials/PPM_DefaultCalibrationGrayscale.uasset" 67
"../../../Engine/Content/EngineMaterials/PPM_DefaultCalibrationGrayscale.uexp" 68
"../../../Engine/Content/EngineMaterials/DefaultCalibrationColor.uasset" 69
"../../../Engine/Content/EngineMaterials/DefaultCalibrationColor.uexp" 70
"../../../Engine/Content/EngineMaterials/PPM_DefaultCalibrationColor.uasset" 71
"../../../Engine/Content/EngineMaterials/PPM_DefaultCalibrationColor.uexp" 72
"../../../Engine/Content/Functions/Engine_MaterialFunctions02/WorldPositionOffset/CameraOffset.uasset" 73
"../../../Engine/Content/Functions/Engine_MaterialFunctions02/WorldPositionOffset/CameraOffset.uexp" 74
"../../../Engine/Content/EngineMaterials/PhAT_JointLimitMaterial.uasset" 75
"../../../Engine/Content/EngineMaterials/PhAT_JointLimitMaterial.uexp" 76
"../../../Engine/Content/EngineMaterials/InvalidLightmapSettings.ubulk" 77
"../../../Engine/Content/EngineMaterials/InvalidLightmapSettings.uasset" 78
"../../../Engine/Content/EngineMaterials/InvalidLightmapSettings.uexp" 79
"../../../Engine/Content/EngineMaterials/M_InvalidLightmapSettings.uasset" 80
"../../../Engine/Content/EngineMaterials/M_InvalidLightmapSettings.uexp" 81
"../../../Engine/Content/EngineMaterials/MiniFont.uasset" 82
"../../../Engine/Content/EngineMaterials/MiniFont.uexp" 83
"../../../Engine/Content/EngineMaterials/Good64x64TilingNoiseHighFreq.uasset" 84
"../../../Engine/Content/EngineMaterials/Good64x64TilingNoiseHighFreq.uexp" 85
"../../../Engine/Content/EngineMaterials/GizmoMaterial.uasset" 86
"../../../Engine/Content/EngineMaterials/GizmoMaterial.uexp" 87
"../../../Engine/Content/EngineMaterials/BaseFlattenEmissiveMap_VT.uasset" 88
"../../../Engine/Content/EngineMaterials/BaseFlattenEmissiveMap_VT.uexp" 89
"../../../Engine/Content/EngineMaterials/BaseFlattenGrayscaleMap_VT.uasset" 90
"../../../Engine/Content/EngineMaterials/BaseFlattenGrayscaleMap_VT.uexp" 91
"../../../Engine/Content/EngineMaterials/BaseFlattenLinearColor_VT.uasset" 92
"../../../Engine/Content/EngineMaterials/BaseFlattenLinearColor_VT.uexp" 93
"../../../Engine/Content/EngineMaterials/Black_1x1_EXR_Texture_VT.uasset" 94
"../../../Engine/Content/EngineMaterials/Black_1x1_EXR_Texture_VT.uexp" 95
"../../../Engine/Content/EngineMaterials/BaseFlattenDiffuseMap_VT.uasset" 96
"../../../Engine/Content/EngineMaterials/BaseFlattenDiffuseMap_VT.uexp" 97
"../../../Engine/Content/EngineMaterials/BaseFlattenNormalMap_VT.uasset" 98
"../../../Engine/Content/EngineMaterials/BaseFlattenNormalMap_VT.uexp" 99
"../../../Engine/Content/EngineMaterials/FlattenMaterial_VT.uasset" 100
"../../../Engine/Content/EngineMaterials/FlattenMaterial_VT.uexp" 101
"../../../Engine/Content/EngineMaterials/BaseFlattenNormalMap.uasset" 102
"../../../Engine/Content/EngineMaterials/BaseFlattenNormalMap.uexp" 103
"../../../Engine/Content/EngineMaterials/BaseFlattenGrayscaleMap.uasset" 104
"../../../Engine/Content/EngineMaterials/BaseFlattenGrayscaleMap.uexp" 105
"../../../Engine/Content/EngineMaterials/BaseFlattenDiffuseMap.uasset" 106
"../../../Engine/Content/EngineMaterials/BaseFlattenDiffuseMap.uexp" 107
"../../../Engine/Content/Functions/Engine_MaterialFunctions02/PivotPainter2/Black_1x1_EXR_Texture.uasset" 108
"../../../Engine/Content/Functions/Engine_MaterialFunctions02/PivotPainter2/Black_1x1_EXR_Texture.uexp" 109
"../../../Engine/Content/EngineMaterials/BaseFlattenEmissiveMap.uasset" 110
"../../../Engine/Content/EngineMaterials/BaseFlattenEmissiveMap.uexp" 111
"../../../Engine/Content/EngineMaterials/BaseFlattenLinearColor.uasset" 112
"../../../Engine/Content/EngineMaterials/BaseFlattenLinearColor.uexp" 113
"../../../Engine/Content/EngineMaterials/FlattenMaterial.uasset" 114
"../../../Engine/Content/EngineMaterials/FlattenMaterial.uexp" 115
"../../../Engine/Content/EngineMaterials/DefaultWhiteGrid_Low.uasset" 116
"../../../Engine/Content/EngineMaterials/DefaultWhiteGrid_Low.uexp" 117
"../../../Engine/Content/EngineMaterials/EmissiveMeshMaterial.uasset" 118
"../../../Engine/Content/EngineMaterials/EmissiveMeshMaterial.uexp" 119
"../../../Engine/Content/EngineMaterials/DefaultWhiteGrid.ubulk" 120
"../../../Engine/Content/EngineMaterials/DefaultWhiteGrid.uasset" 121
"../../../Engine/Content/EngineMaterials/DefaultWhiteGrid.uexp" 122
"../../../Engine/Content/EngineFonts/RobotoDistanceField.uasset" 123
"../../../Engine/Content/EngineFonts/RobotoDistanceField.uexp" 124
"../../../Engine/Content/EngineMaterials/DefaultTextMaterialOpaque.uasset" 125
"../../../Engine/Content/EngineMaterials/DefaultTextMaterialOpaque.uexp" 126
"../../../Engine/Content/EngineMaterials/DefaultDiffuse.ubulk" 127
"../../../Engine/Content/EngineMaterials/DefaultDiffuse.uasset" 128
"../../../Engine/Content/EngineMaterials/DefaultDiffuse.uexp" 129
"../../../Engine/Content/Functions/Engine_MaterialFunctions02/Utility/BreakOutFloat2Components.uasset" 130
"../../../Engine/Content/Functions/Engine_MaterialFunctions02/Utility/BreakOutFloat2Components.uexp" 131
"../../../Engine/Content/EngineMaterials/DefaultPostProcessMaterial.uasset" 132
"../../../Engine/Content/EngineMaterials/DefaultPostProcessMaterial.uexp" 133
"../../../Engine/Content/EngineMaterials/DefaultLightFunctionMaterial.uasset" 134
"../../../Engine/Content/EngineMaterials/DefaultLightFunctionMaterial.uexp" 135
"../../../Engine/Content/EngineMaterials/DefaultDestructiblePhysicalMaterial.uasset" 136
"../../../Engine/Content/EngineMaterials/DefaultDestructiblePhysicalMaterial.uexp" 137
"../../../Engine/Content/EngineMaterials/DefaultDeferredDecalMaterial.uasset" 138
"../../../Engine/Content/EngineMaterials/DefaultDeferredDecalMaterial.uexp" 139
"../../../Engine/Content/EngineMaterials/DefaultBokeh.uasset" 140
"../../../Engine/Content/EngineMaterials/DefaultBokeh.uexp" 141
"../../../Engine/Content/EngineMaterials/DefaultBloomKernel.uasset" 142
"../../../Engine/Content/EngineMaterials/DefaultBloomKernel.uexp" 143
"../../../Engine/Content/EngineMaterials/BlueNoise.uasset" 144
"../../../Engine/Content/EngineMaterials/BlueNoise.uexp" 145
"../../../Engine/Content/EngineFonts/Faces/RobotoLight.uexp" 146
"../../../Engine/Content/EngineFonts/Faces/RobotoLight.uasset" 147
"../../../Engine/Content/EngineFonts/Faces/RobotoLight.ufont" 148
"../../../Engine/Content/EngineFonts/Faces/RobotoBold.uexp" 149
"../../../Engine/Content/EngineFonts/Faces/RobotoBold.uasset" 150
"../../../Engine/Content/EngineFonts/Faces/RobotoBold.ufont" 151
"../../../Engine/Content/EngineFonts/Faces/RobotoRegular.uexp" 152
"../../../Engine/Content/EngineFonts/Faces/RobotoRegular.uasset" 153
"../../../Engine/Content/EngineFonts/Faces/RobotoRegular.ufont" 154
"../../../Engine/Content/EngineFonts/Faces/DroidSansFallback.uexp" 155
"../../../Engine/Content/EngineFonts/Faces/DroidSansFallback.uasset" 156
"../../../Engine/Content/EngineFonts/Faces/DroidSansFallback.ufont" 157
"../../../Engine/Content/EngineFonts/Faces/RobotoItalic.uexp" 158
"../../../Engine/Content/EngineFonts/Faces/RobotoItalic.uasset" 159
"../../../Engine/Content/EngineFonts/Faces/RobotoItalic.ufont" 160
"../../../Engine/Content/EngineFonts/Faces/RobotoBoldItalic.uexp" 161
"../../../Engine/Content/EngineFonts/Faces/RobotoBoldItalic.uasset" 162
"../../../Engine/Content/EngineFonts/Faces/RobotoBoldItalic.ufont" 163
"../../../Engine/Content/EngineFonts/Roboto.uasset" 164
"../../../Engine/Content/EngineFonts/Roboto.uexp" 165
"../../../Engine/Content/Functions/Engine_MaterialFunctions02/Utility/CameraDirectionVector.uasset" 166
"../../../Engine/Content/Functions/Engine_MaterialFunctions02/Utility/CameraDirectionVector.uexp" 167
"../../../Engine/Content/EngineDebugMaterials/VolumeToRender.uasset" 168
"../../../Engine/Content/EngineDebugMaterials/VolumeToRender.uexp" 169
"../../../Engine/Content/EngineDebugMaterials/M_VolumeRenderSphereTracePP.uasset" 170
"../../../Engine/Content/EngineDebugMaterials/M_VolumeRenderSphereTracePP.uexp" 171
"../../../Engine/Content/EngineDebugMaterials/M_SimpleUnlitTranslucent.uasset" 172
"../../../Engine/Content/EngineDebugMaterials/M_SimpleUnlitTranslucent.uexp" 173
"../../../Engine/Content/EngineDebugMaterials/DebugMeshMaterial.uasset" 174
"../../../Engine/Content/EngineDebugMaterials/DebugMeshMaterial.uexp" 175
"../../../Engine/Content/EngineDebugMaterials/DebugEditorMaterial.uasset" 176
"../../../Engine/Content/EngineDebugMaterials/DebugEditorMaterial.uexp" 177
"../../../Engine/Content/EngineDamageTypes/DmgTypeBP_Environmental.uasset" 178
"../../../Engine/Content/EngineDamageTypes/DmgTypeBP_Environmental.uexp" 179
"../../../Engine/Content/EditorResources/S_TriggerSphere.uasset" 180
"../../../Engine/Content/EditorResources/S_TriggerSphere.uexp" 181
"../../../Engine/Content/EditorResources/S_TriggerCapsule.uasset" 182
"../../../Engine/Content/EditorResources/S_TriggerCapsule.uexp" 183
"../../../Engine/Content/EditorResources/S_TriggerBox.uasset" 184
"../../../Engine/Content/EditorResources/S_TriggerBox.uexp" 185
"../../../Engine/Content/EditorResources/S_Trigger.ubulk" 186
"../../../Engine/Content/EditorResources/S_Trigger.uasset" 187
"../../../Engine/Content/EditorResources/S_Trigger.uexp" 188
"../../../Engine/Content/EditorResources/S_Terrain.ubulk" 189
"../../../Engine/Content/EditorResources/S_Terrain.uasset" 190
"../../../Engine/Content/EditorResources/S_Terrain.uexp" 191
"../../../Engine/Content/EditorResources/S_Solver.ubulk" 192
"../../../Engine/Content/EditorResources/S_Solver.uasset" 193
"../../../Engine/Content/EditorResources/S_Solver.uexp" 194
"../../../Engine/Content/EditorResources/S_BoxReflectionCapture.uasset" 195
"../../../Engine/Content/EditorResources/S_BoxReflectionCapture.uexp" 196
"../../../Engine/Content/EditorResources/S_Actor.ubulk" 197
"../../../Engine/Content/EditorResources/S_Actor.uasset" 198
"../../../Engine/Content/EditorResources/S_Actor.uexp" 199
"../../../Engine/Content/EditorResources/EmptyActor.uasset" 200
"../../../Engine/Content/EditorResources/EmptyActor.uexp" 201
"../../../Engine/Content/EditorResources/BSPVertex.uasset" 202
"../../../Engine/Content/EditorResources/BSPVertex.uexp" 203
"../../../Engine/Content/EditorResources/SequenceRecorder/RecordingIndicator.uasset" 204
"../../../Engine/Content/EditorResources/SequenceRecorder/RecordingIndicator.uexp" 205
"../../../Engine/Content/EditorResources/SequenceRecorder/Countdown.uasset" 206
"../../../Engine/Content/EditorResources/SequenceRecorder/Countdown.uexp" 207
"../../../Engine/Content/EditorResources/LightIcons/S_LightError.uasset" 208
"../../../Engine/Content/EditorResources/LightIcons/S_LightError.uexp" 209
"../../../Engine/Content/EditorMaterials/Camera/CineMat.uasset" 210
"../../../Engine/Content/EditorMaterials/Camera/CineMat.uexp" 211
"../../../Engine/Content/EditorMaterials/Camera/MI_CineMat_Rig.uasset" 212
"../../../Engine/Content/EditorMaterials/Camera/MI_CineMat_Rig.uexp" 213
"../../../Engine/Content/EditorMeshes/Camera/SM_RailRig_Track.uasset" 214
"../../../Engine/Content/EditorMeshes/Camera/SM_RailRig_Track.uexp" 215
"../../../Engine/Content/EditorMeshes/Camera/SM_RailRig_Mount.uasset" 216
"../../../Engine/Content/EditorMeshes/Camera/SM_RailRig_Mount.uexp" 217
"../../../Engine/Content/EditorMeshes/Camera/SM_CraneRig_Mount.uasset" 218
"../../../Engine/Content/EditorMeshes/Camera/SM_CraneRig_Mount.uexp" 219
"../../../Engine/Content/EditorMeshes/Camera/SM_CraneRig_Body.uasset" 220
"../../../Engine/Content/EditorMeshes/Camera/SM_CraneRig_Body.uexp" 221
"../../../Engine/Content/EditorMeshes/Camera/SM_CraneRig_Base.uasset" 222
"../../../Engine/Content/EditorMeshes/Camera/SM_CraneRig_Base.uexp" 223
"../../../Engine/Content/EditorMeshes/Camera/SM_CraneRig_Arm.uasset" 224
"../../../Engine/Content/EditorMeshes/Camera/SM_CraneRig_Arm.uexp" 225
"../../../Engine/Content/EditorMaterials/PreviewShadowIndicator.ubulk" 226
"../../../Engine/Content/EditorMaterials/PreviewShadowIndicator.uasset" 227
"../../../Engine/Content/EditorMaterials/PreviewShadowIndicator.uexp" 228
"../../../Engine/Content/EditorMaterials/PreviewShadowIndicatorMaterial.uasset" 229
"../../../Engine/Content/EditorMaterials/PreviewShadowIndicatorMaterial.uexp" 230
"../../../Engine/Content/EditorMaterials/MAT_Groups_Visibility.uasset" 231
"../../../Engine/Content/EditorMaterials/MAT_Groups_Visibility.uexp" 232
"../../../Engine/Content/EditorMaterials/MAT_Groups_Toggle.uasset" 233
"../../../Engine/Content/EditorMaterials/MAT_Groups_Toggle.uexp" 234
"../../../Engine/Content/Functions/Engine_MaterialFunctions02/Utility/MakeFloat4.uasset" 235
"../../../Engine/Content/Functions/Engine_MaterialFunctions02/Utility/MakeFloat4.uexp" 236
"../../../Engine/Content/Functions/Engine_MaterialFunctions02/Utility/MakeFloat3.uasset" 237
"../../../Engine/Content/Functions/Engine_MaterialFunctions02/Utility/MakeFloat3.uexp" 238
"../../../Engine/Content/Functions/Engine_MaterialFunctions02/Utility/BreakOutFloat3Components.uasset" 239
"../../../Engine/Content/Functions/Engine_MaterialFunctions02/Utility/BreakOutFloat3Components.uexp" 240
"../../../Engine/Content/EditorMaterials/WorldPartition/WorldPartitionSpatialHashGridPreviewMaterial.uasset" 241
"../../../Engine/Content/EditorMaterials/WorldPartition/WorldPartitionSpatialHashGridPreviewMaterial.uexp" 242
"../../../Engine/Content/EditorMaterials/ParticleSystems/PSysThumbnail_OOD.ubulk" 243
"../../../Engine/Content/EditorMaterials/ParticleSystems/PSysThumbnail_OOD.uasset" 244
"../../../Engine/Content/EditorMaterials/ParticleSystems/PSysThumbnail_OOD.uexp" 245
"../../../Engine/Content/EditorMaterials/ParticleSystems/PSysThumbnail_NoImage.ubulk" 246
"../../../Engine/Content/EditorMaterials/ParticleSystems/PSysThumbnail_NoImage.uasset" 247
"../../../Engine/Content/EditorMaterials/ParticleSystems/PSysThumbnail_NoImage.uexp" 248
"../../../Engine/Content/EditorMaterials/MatineeGroups/MAT_Groups_Vector.uasset" 249
"../../../Engine/Content/EditorMaterials/MatineeGroups/MAT_Groups_Vector.uexp" 250
"../../../Engine/Content/EditorMaterials/MatineeGroups/MAT_Groups_Sound.uasset" 251
"../../../Engine/Content/EditorMaterials/MatineeGroups/MAT_Groups_Sound.uexp" 252
"../../../Engine/Content/EditorMaterials/MatineeGroups/MAT_Groups_Slomo.uasset" 253
"../../../Engine/Content/EditorMaterials/MatineeGroups/MAT_Groups_Slomo.uexp" 254
"../../../Engine/Content/EditorMaterials/MatineeGroups/MAT_Groups_Move.uasset" 255
"../../../Engine/Content/EditorMaterials/MatineeGroups/MAT_Groups_Move.uexp" 256
"../../../Engine/Content/EditorMaterials/MatineeGroups/MAT_Groups_Float.uasset" 257
"../../../Engine/Content/EditorMaterials/MatineeGroups/MAT_Groups_Float.uexp" 258
"../../../Engine/Content/EditorMaterials/MatineeGroups/MAT_Groups_Fade.uasset" 259
"../../../Engine/Content/EditorMaterials/MatineeGroups/MAT_Groups_Fade.uexp" 260
"../../../Engine/Content/EditorMaterials/MatineeGroups/MAT_Groups_Event.uasset" 261
"../../../Engine/Content/EditorMaterials/MatineeGroups/MAT_Groups_Event.uexp" 262
"../../../Engine/Content/EditorMaterials/MatineeGroups/MAT_Groups_Director.uasset" 263
"../../../Engine/Content/EditorMaterials/MatineeGroups/MAT_Groups_Director.uexp" 264
"../../../Engine/Content/EditorMaterials/MatineeGroups/MAT_Groups_AudioMaster.uasset" 265
"../../../Engine/Content/EditorMaterials/MatineeGroups/MAT_Groups_AudioMaster.uexp" 266
"../../../Engine/Content/EditorMaterials/MatineeGroups/MAT_Groups_Anim.uasset" 267
"../../../Engine/Content/EditorMaterials/MatineeGroups/MAT_Groups_Anim.uexp" 268
"../../../Engine/Content/EditorMaterials/MatineeGroups/MAT_ColorTrack.uasset" 269
"../../../Engine/Content/EditorMaterials/MatineeGroups/MAT_ColorTrack.uexp" 270
"../../../Engine/Content/EditorLandscapeResources/DefaultAlphaTexture.uasset" 271
"../../../Engine/Content/EditorLandscapeResources/DefaultAlphaTexture.uexp" 272
"../../../Engine/Content/EditorLandscapeResources/DataLayer.uasset" 273
"../../../Engine/Content/EditorLandscapeResources/DataLayer.uexp" 274
"../../../Engine/Content/EngineMaterials/T_Default_Material_Grid_M.ubulk" 275
"../../../Engine/Content/EngineMaterials/T_Default_Material_Grid_M.uasset" 276
"../../../Engine/Content/EngineMaterials/T_Default_Material_Grid_M.uexp" 277
"../../../Engine/Content/EngineMaterials/T_Default_Material_Grid_N.ubulk" 278
"../../../Engine/Content/EngineMaterials/T_Default_Material_Grid_N.uasset" 279
"../../../Engine/Content/EngineMaterials/T_Default_Material_Grid_N.uexp" 280
"../../../Engine/Content/Functions/Engine_MaterialFunctions01/Opacity/CameraDepthFade.uasset" 281
"../../../Engine/Content/Functions/Engine_MaterialFunctions01/Opacity/CameraDepthFade.uexp" 282
"../../../Engine/Content/EngineMaterials/DefaultMaterial.uasset" 283
"../../../Engine/Content/EngineMaterials/DefaultMaterial.uexp" 284
"../../../Engine/Content/BasicShapes/Sphere.uasset" 285
"../../../Engine/Content/BasicShapes/Sphere.uexp" 286
"../../../Engine/Content/EngineMaterials/WorldGridMaterial.uasset" 287
"../../../Engine/Content/EngineMaterials/WorldGridMaterial.uexp" 288
"../../../Engine/Content/BasicShapes/Plane.uasset" 289
"../../../Engine/Content/BasicShapes/Plane.uexp" 290
"../../../Engine/Content/BasicShapes/Cylinder.uasset" 291
"../../../Engine/Content/BasicShapes/Cylinder.uexp" 292
"../../../Engine/Content/BasicShapes/Cube.uasset" 293
"../../../Engine/Content/BasicShapes/Cube.uexp" 294
"../../../Engine/Content/BasicShapes/Cone.uasset" 295
"../../../Engine/Content/BasicShapes/Cone.uexp" 296
"../../../Engine/Content/ArtTools/RenderToTexture/Meshes/S_1_Unit_Plane.uasset" 297
"../../../Engine/Content/ArtTools/RenderToTexture/Meshes/S_1_Unit_Plane.uexp" 298
"C:/Users/Charlie/Desktop/CPSC-386---CrossyRoad-project-master/Content/Materials/vehicles/road.ubulk" 299
"C:/Users/Charlie/Desktop/CPSC-386---CrossyRoad-project-master/Content/Materials/vehicles/road.uasset" 300
"C:/Users/Charlie/Desktop/CPSC-386---CrossyRoad-project-master/Content/Materials/vehicles/road.uexp" 301
"C:/Users/Charlie/Desktop/CPSC-386---CrossyRoad-project-master/Content/Materials/grass/palette.uasset" 302
"C:/Users/Charlie/Desktop/CPSC-386---CrossyRoad-project-master/Content/Materials/grass/palette.uexp" 303
"C:/Users/Charlie/Desktop/CPSC-386---CrossyRoad-project-master/Content/Chicken_spawnpoint.uasset" 304
"C:/Users/Charlie/Desktop/CPSC-386---CrossyRoad-project-master/Content/Chicken_spawnpoint.uexp" 305
"C:/Users/Charlie/Desktop/CPSC-386---CrossyRoad-project-master/Content/Materials/vehicles/palette.uasset" 306
"C:/Users/Charlie/Desktop/CPSC-386---CrossyRoad-project-master/Content/Materials/vehicles/palette.uexp" 307
"C:/Users/Charlie/Desktop/CPSC-386---CrossyRoad-project-master/Content/Materials/grass/grass2.ubulk" 308
"C:/Users/Charlie/Desktop/CPSC-386---CrossyRoad-project-master/Content/Materials/grass/grass2.uasset" 309
"C:/Users/Charlie/Desktop/CPSC-386---CrossyRoad-project-master/Content/Materials/grass/grass2.uexp" 310
"C:/Users/Charlie/Desktop/CPSC-386---CrossyRoad-project-master/Content/Materials/grass/grass1pallette.uasset" 311
"C:/Users/Charlie/Desktop/CPSC-386---CrossyRoad-project-master/Content/Materials/grass/grass1pallette.uexp" 312
"C:/Users/Charlie/Desktop/CPSC-386---CrossyRoad-project-master/Content/Materials/grass/grass1.uasset" 313
"C:/Users/Charlie/Desktop/CPSC-386---CrossyRoad-project-master/Content/Materials/grass/grass1.uexp" 314
"C:/Users/Charlie/Desktop/CPSC-386---CrossyRoad-project-master/Content/Materials/dead/whitesquare.uasset" 315
"C:/Users/Charlie/Desktop/CPSC-386---CrossyRoad-project-master/Content/Materials/dead/whitesquare.uexp" 316
"C:/Users/Charlie/Desktop/CPSC-386---CrossyRoad-project-master/Content/Materials/dead/whitefeather.uasset" 317
"C:/Users/Charlie/Desktop/CPSC-386---CrossyRoad-project-master/Content/Materials/dead/whitefeather.uexp" 318
"C:/Users/Charlie/Desktop/CPSC-386---CrossyRoad-project-master/Content/Materials/dead/bluesquare.uasset" 319
"C:/Users/Charlie/Desktop/CPSC-386---CrossyRoad-project-master/Content/Materials/dead/bluesquare.uexp" 320
"C:/Users/Charlie/Desktop/CPSC-386---CrossyRoad-project-master/Content/Materials/dead/bluesplash.uasset" 321
"C:/Users/Charlie/Desktop/CPSC-386---CrossyRoad-project-master/Content/Materials/dead/bluesplash.uexp" 322
"C:/Users/Charlie/Desktop/CPSC-386---CrossyRoad-project-master/Content/Materials/dead/blacksquare.uasset" 323
"C:/Users/Charlie/Desktop/CPSC-386---CrossyRoad-project-master/Content/Materials/dead/blacksquare.uexp" 324
"../../../Engine/Content/MobileResources/HUD/VirtualJoystick_Background.uasset" 325
"../../../Engine/Content/MobileResources/HUD/VirtualJoystick_Background.uexp" 326
"../../../Engine/Content/MobileResources/HUD/VirtualJoystick_Thumb.uasset" 327
"../../../Engine/Content/MobileResources/HUD/VirtualJoystick_Thumb.uexp" 328
"../../../Engine/Content/MobileResources/HUD/DefaultVirtualJoysticks.uasset" 329
"../../../Engine/Content/MobileResources/HUD/DefaultVirtualJoysticks.uexp" 330
"../../../Engine/Content/Tutorial/ContentIntroCurve.uasset" 331
"../../../Engine/Content/Tutorial/ContentIntroCurve.uexp" 332
"../../../Engine/Content/VREditor/TransformGizmo/Main.uasset" 333
"../../../Engine/Content/VREditor/TransformGizmo/Main.uexp" 334
"../../../Engine/Content/VREditor/TransformGizmo/Xray.uasset" 335
"../../../Engine/Content/VREditor/TransformGizmo/Xray.uexp" 336
"../../../Engine/Content/VREditor/TransformGizmo/SM_Sequencer_Node.uasset" 337
"../../../Engine/Content/VREditor/TransformGizmo/SM_Sequencer_Node.uexp" 338
"../../../Engine/Content/VREditor/LaserPointer/VR_LaserPower_01.ubulk" 339
"../../../Engine/Content/VREditor/LaserPointer/VR_LaserPower_01.uasset" 340
"../../../Engine/Content/VREditor/LaserPointer/VR_LaserPower_01.uexp" 341
"../../../Engine/Content/VREditor/TransformGizmo/TransformGizmoMaterial.uasset" 342
"../../../Engine/Content/VREditor/TransformGizmo/TransformGizmoMaterial.uexp" 343
"../../../Engine/Content/VREditor/TransformGizmo/TranslucentTransformGizmoMaterial.uasset" 344
"../../../Engine/Content/VREditor/TransformGizmo/TranslucentTransformGizmoMaterial.uexp" 345
"../../../Engine/Content/VREditor/TransformGizmo/PlaneTranslationHandle.uasset" 346
"../../../Engine/Content/VREditor/TransformGizmo/PlaneTranslationHandle.uexp" 347
"../../../Engine/Content/VREditor/TransformGizmo/BoundingBoxEdge.uasset" 348
"../../../Engine/Content/VREditor/TransformGizmo/BoundingBoxEdge.uexp" 349
"../../../Engine/Content/VREditor/TransformGizmo/BoundingBoxCorner.uasset" 350
"../../../Engine/Content/VREditor/TransformGizmo/BoundingBoxCorner.uexp" 351
"../../../Engine/Content/EngineMaterials/DefaultPhysicalMaterial.uasset" 352
"../../../Engine/Content/EngineMaterials/DefaultPhysicalMaterial.uexp" 353
"../../../Engine/Content/EngineMaterials/BlendFunc_DefBlend.uasset" 354
"../../../Engine/Content/EngineMaterials/BlendFunc_DefBlend.uexp" 355
"../../../Engine/Content/EngineMaterials/BlendFunc_DefBase.uasset" 356
"../../../Engine/Content/EngineMaterials/BlendFunc_DefBase.uexp" 357
"../../../Engine/Content/Functions/Engine_MaterialFunctions03/Blends/Blend_Overlay.uasset" 358
"../../../Engine/Content/Functions/Engine_MaterialFunctions03/Blends/Blend_Overlay.uexp" 359
"../../../Engine/Content/OpenWorldTemplate/LandscapeMaterial/T_GridChecker_A.ubulk" 360
"../../../Engine/Content/OpenWorldTemplate/LandscapeMaterial/T_GridChecker_A.uasset" 361
"../../../Engine/Content/OpenWorldTemplate/LandscapeMaterial/T_GridChecker_A.uexp" 362
"../../../Engine/Content/Functions/Engine_MaterialFunctions01/Gradient/LinearGradient.uasset" 363
"../../../Engine/Content/Functions/Engine_MaterialFunctions01/Gradient/LinearGradient.uexp" 364
"../../../Engine/Content/Functions/Engine_MaterialFunctions01/ImageAdjustment/CheapContrast.uasset" 365
"../../../Engine/Content/Functions/Engine_MaterialFunctions01/ImageAdjustment/CheapContrast.uexp" 366
"../../../Engine/Content/OpenWorldTemplate/LandscapeMaterial/MF_ProcGrid.uasset" 367
"../../../Engine/Content/OpenWorldTemplate/LandscapeMaterial/MF_ProcGrid.uexp" 368
"../../../Engine/Content/OpenWorldTemplate/LandscapeMaterial/M_ProcGrid.uasset" 369
"../../../Engine/Content/OpenWorldTemplate/LandscapeMaterial/M_ProcGrid.uexp" 370
"../../../Engine/Content/EngineMaterials/FlattenMaterial_WS_Normal_VT.uasset" 371
"../../../Engine/Content/EngineMaterials/FlattenMaterial_WS_Normal_VT.uexp" 372
"../../../Engine/Content/OpenWorldTemplate/HLOD/HLOD0_Instancing.uasset" 373
"../../../Engine/Content/OpenWorldTemplate/HLOD/HLOD0_Instancing.uexp" 374
"../../../Engine/Content/EngineSky/T_Sky_Stars.ubulk" 375
"../../../Engine/Content/EngineSky/T_Sky_Stars.uasset" 376
"../../../Engine/Content/EngineSky/T_Sky_Stars.uexp" 377
"../../../Engine/Content/EngineSky/T_Sky_Clouds_M.ubulk" 378
"../../../Engine/Content/EngineSky/T_Sky_Clouds_M.uasset" 379
"../../../Engine/Content/EngineSky/T_Sky_Clouds_M.uexp" 380
"../../../Engine/Content/EngineSky/T_Sky_Blue.ubulk" 381
"../../../Engine/Content/EngineSky/T_Sky_Blue.uasset" 382
"../../../Engine/Content/EngineSky/T_Sky_Blue.uexp" 383
"../../../Engine/Content/EngineSky/M_Sky_Panning_Clouds2.uasset" 384
"../../../Engine/Content/EngineSky/M_Sky_Panning_Clouds2.uexp" 385
"../../../Engine/Content/EngineSky/SM_SkySphere.uasset" 386
"../../../Engine/Content/EngineSky/SM_SkySphere.uexp" 387
"../../../Engine/Content/EngineSky/M_SimpleSkyDome.uasset" 388
"../../../Engine/Content/EngineSky/M_SimpleSkyDome.uexp" 389
"../../../Engine/Plugins/2D/Paper2D/Content/PlaceholderTextures/DummySpriteTexture.ubulk" 390
"../../../Engine/Plugins/2D/Paper2D/Content/PlaceholderTextures/DummySpriteTexture.uasset" 391
"../../../Engine/Plugins/2D/Paper2D/Content/PlaceholderTextures/DummySpriteTexture.uexp" 392
"../../../Engine/Plugins/2D/Paper2D/Content/DefaultSpriteMaterial.uasset" 393
"../../../Engine/Plugins/2D/Paper2D/Content/DefaultSpriteMaterial.uexp" 394
"../../../Engine/Plugins/2D/Paper2D/Content/OpaqueUnlitSpriteMaterial.uasset" 395
"../../../Engine/Plugins/2D/Paper2D/Content/OpaqueUnlitSpriteMaterial.uexp" 396
"../../../Engine/Plugins/2D/Paper2D/Content/MaskedUnlitSpriteMaterial.uasset" 397
"../../../Engine/Plugins/2D/Paper2D/Content/MaskedUnlitSpriteMaterial.uexp" 398
"../../../Engine/Plugins/2D/Paper2D/Content/DummySprite.uasset" 399
"../../../Engine/Plugins/2D/Paper2D/Content/DummySprite.uexp" 400
"../../../Engine/Plugins/2D/Paper2D/Content/DefaultPaperTerrainMaterial.uasset" 401
"../../../Engine/Plugins/2D/Paper2D/Content/DefaultPaperTerrainMaterial.uexp" 402
"../../../Engine/Plugins/Animation/ControlRig/Content/M_Manip.uasset" 403
"../../../Engine/Plugins/Animation/ControlRig/Content/M_Manip.uexp" 404
"../../../Engine/Plugins/Animation/ControlRig/Content/Controls/DefaultGizmoLibraryNormalized.uasset" 405
"../../../Engine/Plugins/Animation/ControlRig/Content/Controls/DefaultGizmoLibraryNormalized.uexp" 406
"../../../Engine/Plugins/Animation/ControlRig/Content/Controls/ControlRig_Wedge_solid.uasset" 407
"../../../Engine/Plugins/Animation/ControlRig/Content/Controls/ControlRig_Wedge_solid.uexp" 408
"../../../Engine/Plugins/Animation/ControlRig/Content/Controls/ControlRig_Wedge_3mm.uasset" 409
"../../../Engine/Plugins/Animation/ControlRig/Content/Controls/ControlRig_Wedge_3mm.uexp" 410
"../../../Engine/Plugins/Animation/ControlRig/Content/Controls/ControlRig_Wedge_1mm.uasset" 411
"../../../Engine/Plugins/Animation/ControlRig/Content/Controls/ControlRig_Wedge_1mm.uexp" 412
"../../../Engine/Plugins/Animation/ControlRig/Content/Controls/ControlRig_Triangle_solid.uasset" 413
"../../../Engine/Plugins/Animation/ControlRig/Content/Controls/ControlRig_Triangle_solid.uexp" 414
"../../../Engine/Plugins/Animation/ControlRig/Content/Controls/ControlRig_Triangle_3mm.uasset" 415
"../../../Engine/Plugins/Animation/ControlRig/Content/Controls/ControlRig_Triangle_3mm.uexp" 416
"../../../Engine/Plugins/Animation/ControlRig/Content/Controls/ControlRig_Triangle_1mm.uasset" 417
"../../../Engine/Plugins/Animation/ControlRig/Content/Controls/ControlRig_Triangle_1mm.uexp" 418
"../../../Engine/Plugins/Animation/ControlRig/Content/Controls/ControlRig_Star4_solid.uasset" 419
"../../../Engine/Plugins/Animation/ControlRig/Content/Controls/ControlRig_Star4_solid.uexp" 420
"../../../Engine/Plugins/Animation/ControlRig/Content/Controls/ControlRig_Star4_3mm.uasset" 421
"../../../Engine/Plugins/Animation/ControlRig/Content/Controls/ControlRig_Star4_3mm.uexp" 422
"../../../Engine/Plugins/Animation/ControlRig/Content/Controls/ControlRig_Star4_1mm.uasset" 423
"../../../Engine/Plugins/Animation/ControlRig/Content/Controls/ControlRig_Star4_1mm.uexp" 424
"../../../Engine/Plugins/Animation/ControlRig/Content/Controls/ControlRig_Square_solid.uasset" 425
"../../../Engine/Plugins/Animation/ControlRig/Content/Controls/ControlRig_Square_solid.uexp" 426
"../../../Engine/Plugins/Animation/ControlRig/Content/Controls/ControlRig_Square_3mm.uasset" 427
"../../../Engine/Plugins/Animation/ControlRig/Content/Controls/ControlRig_Square_3mm.uexp" 428
"../../../Engine/Plugins/Animation/ControlRig/Content/Controls/ControlRig_Square_1mm.uasset" 429
"../../../Engine/Plugins/Animation/ControlRig/Content/Controls/ControlRig_Square_1mm.uexp" 430
"../../../Engine/Plugins/Animation/ControlRig/Content/Controls/ControlRig_Sphere_solid.uasset" 431
"../../../Engine/Plugins/Animation/ControlRig/Content/Controls/ControlRig_Sphere_solid.uexp" 432
"../../../Engine/Plugins/Animation/ControlRig/Content/Controls/ControlRig_Sphere_3mm.uasset" 433
"../../../Engine/Plugins/Animation/ControlRig/Content/Controls/ControlRig_Sphere_3mm.uexp" 434
"../../../Engine/Plugins/Animation/ControlRig/Content/Controls/ControlRig_Sphere_1mm.uasset" 435
"../../../Engine/Plugins/Animation/ControlRig/Content/Controls/ControlRig_Sphere_1mm.uexp" 436
"../../../Engine/Plugins/Animation/ControlRig/Content/Controls/ControlRig_RoundedTriangle_solid.uasset" 437
"../../../Engine/Plugins/Animation/ControlRig/Content/Controls/ControlRig_RoundedTriangle_solid.uexp" 438
"../../../Engine/Plugins/Animation/ControlRig/Content/Controls/ControlRig_RoundedTriangle_3mm.uasset" 439
"../../../Engine/Plugins/Animation/ControlRig/Content/Controls/ControlRig_RoundedTriangle_3mm.uexp" 440
"../../../Engine/Plugins/Animation/ControlRig/Content/Controls/ControlRig_RoundedTriangle_1mm.uasset" 441
"../../../Engine/Plugins/Animation/ControlRig/Content/Controls/ControlRig_RoundedTriangle_1mm.uexp" 442
"../../../Engine/Plugins/Animation/ControlRig/Content/Controls/ControlRig_RoundedSquare_solid.uasset" 443
"../../../Engine/Plugins/Animation/ControlRig/Content/Controls/ControlRig_RoundedSquare_solid.uexp" 444
"../../../Engine/Plugins/Animation/ControlRig/Content/Controls/ControlRig_RoundedSquare_3mm.uasset" 445
"../../../Engine/Plugins/Animation/ControlRig/Content/Controls/ControlRig_RoundedSquare_3mm.uexp" 446
"../../../Engine/Plugins/Animation/ControlRig/Content/Controls/ControlRig_RoundedSquare_1mm.uasset" 447
"../../../Engine/Plugins/Animation/ControlRig/Content/Controls/ControlRig_RoundedSquare_1mm.uexp" 448
"../../../Engine/Plugins/Animation/ControlRig/Content/Controls/ControlRig_QuarterCircle_solid.uasset" 449
"../../../Engine/Plugins/Animation/ControlRig/Content/Controls/ControlRig_QuarterCircle_solid.uexp" 450
"../../../Engine/Plugins/Animation/ControlRig/Content/Controls/ControlRig_QuarterCircle_3mm.uasset" 451
"../../../Engine/Plugins/Animation/ControlRig/Content/Controls/ControlRig_QuarterCircle_3mm.uexp" 452
"../../../Engine/Plugins/Animation/ControlRig/Content/Controls/ControlRig_QuarterCircle_1mm.uasset" 453
"../../../Engine/Plugins/Animation/ControlRig/Content/Controls/ControlRig_QuarterCircle_1mm.uexp" 454
"../../../Engine/Plugins/Animation/ControlRig/Content/Controls/ControlRig_Pyramid_solid.uasset" 455
"../../../Engine/Plugins/Animation/ControlRig/Content/Controls/ControlRig_Pyramid_solid.uexp" 456
"../../../Engine/Plugins/Animation/ControlRig/Content/Controls/ControlRig_Pyramid_3mm.uasset" 457
"../../../Engine/Plugins/Animation/ControlRig/Content/Controls/ControlRig_Pyramid_3mm.uexp" 458
"../../../Engine/Plugins/Animation/ControlRig/Content/Controls/ControlRig_Pyramid_1mm.uasset" 459
"../../../Engine/Plugins/Animation/ControlRig/Content/Controls/ControlRig_Pyramid_1mm.uexp" 460
"../../../Engine/Plugins/Animation/ControlRig/Content/Controls/ControlRig_Octagon_solid.uasset" 461
"../../../Engine/Plugins/Animation/ControlRig/Content/Controls/ControlRig_Octagon_solid.uexp" 462
"../../../Engine/Plugins/Animation/ControlRig/Content/Controls/ControlRig_Octagon_3mm.uasset" 463
"../../../Engine/Plugins/Animation/ControlRig/Content/Controls/ControlRig_Octagon_3mm.uexp" 464
"../../../Engine/Plugins/Animation/ControlRig/Content/Controls/ControlRig_Octagon_1mm.uasset" 465
"../../../Engine/Plugins/Animation/ControlRig/Content/Controls/ControlRig_Octagon_1mm.uexp" 466
"../../../Engine/Plugins/Animation/ControlRig/Content/Controls/ControlRig_Hexagon_solid.uasset" 467
"../../../Engine/Plugins/Animation/ControlRig/Content/Controls/ControlRig_Hexagon_solid.uexp" 468
"../../../Engine/Plugins/Animation/ControlRig/Content/Controls/ControlRig_Hexagon_3mm.uasset" 469
"../../../Engine/Plugins/Animation/ControlRig/Content/Controls/ControlRig_Hexagon_3mm.uexp" 470
"../../../Engine/Plugins/Animation/ControlRig/Content/Controls/ControlRig_Hexagon_1mm.uasset" 471
"../../../Engine/Plugins/Animation/ControlRig/Content/Controls/ControlRig_Hexagon_1mm.uexp" 472
"../../../Engine/Plugins/Animation/ControlRig/Content/Controls/ControlRig_HalfCircle_solid.uasset" 473
"../../../Engine/Plugins/Animation/ControlRig/Content/Controls/ControlRig_HalfCircle_solid.uexp" 474
"../../../Engine/Plugins/Animation/ControlRig/Content/Controls/ControlRig_HalfCircle_3mm.uasset" 475
"../../../Engine/Plugins/Animation/ControlRig/Content/Controls/ControlRig_HalfCircle_3mm.uexp" 476
"../../../Engine/Plugins/Animation/ControlRig/Content/Controls/ControlRig_HalfCircle_1mm.uasset" 477
"../../../Engine/Plugins/Animation/ControlRig/Content/Controls/ControlRig_HalfCircle_1mm.uexp" 478
"../../../Engine/Plugins/Animation/ControlRig/Content/Controls/ControlRig_Diamond_solid.uasset" 479
"../../../Engine/Plugins/Animation/ControlRig/Content/Controls/ControlRig_Diamond_solid.uexp" 480
"../../../Engine/Plugins/Animation/ControlRig/Content/Controls/ControlRig_Diamond_3mm.uasset" 481
"../../../Engine/Plugins/Animation/ControlRig/Content/Controls/ControlRig_Diamond_3mm.uexp" 482
"../../../Engine/Plugins/Animation/ControlRig/Content/Controls/ControlRig_Diamond_1mm.uasset" 483
"../../../Engine/Plugins/Animation/ControlRig/Content/Controls/ControlRig_Diamond_1mm.uexp" 484
"../../../Engine/Plugins/Animation/ControlRig/Content/Controls/ControlRig_Circle_solid.uasset" 485
"../../../Engine/Plugins/Animation/ControlRig/Content/Controls/ControlRig_Circle_solid.uexp" 486
"../../../Engine/Plugins/Animation/ControlRig/Content/Controls/ControlRig_Circle_3mm.uasset" 487
"../../../Engine/Plugins/Animation/ControlRig/Content/Controls/ControlRig_Circle_3mm.uexp" 488
"../../../Engine/Plugins/Animation/ControlRig/Content/Controls/ControlRig_Circle_1mm.uasset" 489
"../../../Engine/Plugins/Animation/ControlRig/Content/Controls/ControlRig_Circle_1mm.uexp" 490
"../../../Engine/Plugins/Animation/ControlRig/Content/Controls/ControlRig_Box_solid.uasset" 491
"../../../Engine/Plugins/Animation/ControlRig/Content/Controls/ControlRig_Box_solid.uexp" 492
"../../../Engine/Plugins/Animation/ControlRig/Content/Controls/ControlRig_Box_3mm.uasset" 493
"../../../Engine/Plugins/Animation/ControlRig/Content/Controls/ControlRig_Box_3mm.uexp" 494
"../../../Engine/Plugins/Animation/ControlRig/Content/Controls/ControlRig_Box_1mm.uasset" 495
"../../../Engine/Plugins/Animation/ControlRig/Content/Controls/ControlRig_Box_1mm.uexp" 496
"../../../Engine/Plugins/Animation/ControlRig/Content/Controls/ControlRig_Arrow_solid.uasset" 497
"../../../Engine/Plugins/Animation/ControlRig/Content/Controls/ControlRig_Arrow_solid.uexp" 498
"../../../Engine/Plugins/Animation/ControlRig/Content/Controls/ControlRig_Arrow_3mm.uasset" 499
"../../../Engine/Plugins/Animation/ControlRig/Content/Controls/ControlRig_Arrow_3mm.uexp" 500
"../../../Engine/Plugins/Animation/ControlRig/Content/Controls/ControlRig_Arrow_1mm.uasset" 501
"../../../Engine/Plugins/Animation/ControlRig/Content/Controls/ControlRig_Arrow_1mm.uexp" 502
"../../../Engine/Plugins/Animation/ControlRig/Content/Controls/ControlRig_Arrow4_solid.uasset" 503
"../../../Engine/Plugins/Animation/ControlRig/Content/Controls/ControlRig_Arrow4_solid.uexp" 504
"../../../Engine/Plugins/Animation/ControlRig/Content/Controls/ControlRig_Arrow4_3mm.uasset" 505
"../../../Engine/Plugins/Animation/ControlRig/Content/Controls/ControlRig_Arrow4_3mm.uexp" 506
"../../../Engine/Plugins/Animation/ControlRig/Content/Controls/ControlRig_Arrow4_1mm.uasset" 507
"../../../Engine/Plugins/Animation/ControlRig/Content/Controls/ControlRig_Arrow4_1mm.uexp" 508
"../../../Engine/Plugins/Animation/ControlRig/Content/Controls/ControlRig_Arrow2_solid.uasset" 509
"../../../Engine/Plugins/Animation/ControlRig/Content/Controls/ControlRig_Arrow2_solid.uexp" 510
"../../../Engine/Plugins/Animation/ControlRig/Content/Controls/ControlRig_Arrow2_3mm.uasset" 511
"../../../Engine/Plugins/Animation/ControlRig/Content/Controls/ControlRig_Arrow2_3mm.uexp" 512
"../../../Engine/Plugins/Animation/ControlRig/Content/Controls/ControlRig_Arrow2_1mm.uasset" 513
"../../../Engine/Plugins/Animation/ControlRig/Content/Controls/ControlRig_Arrow2_1mm.uexp" 514
"../../../Engine/Plugins/Animation/ControlRig/Content/Controls/ControlRigGizmoMaterial.uasset" 515
"../../../Engine/Plugins/Animation/ControlRig/Content/Controls/ControlRigGizmoMaterial.uexp" 516
"../../../Engine/Plugins/Editor/SpeedTreeImporter/Content/SpeedTree9/game_wind_noise.ubulk" 517
"../../../Engine/Plugins/Editor/SpeedTreeImporter/Content/SpeedTree9/game_wind_noise.uasset" 518
"../../../Engine/Plugins/Editor/SpeedTreeImporter/Content/SpeedTree9/game_wind_noise.uexp" 519
"../../../Engine/Plugins/Editor/SpeedTreeImporter/Content/SpeedTree9/UnpackDirection.uasset" 520
"../../../Engine/Plugins/Editor/SpeedTreeImporter/Content/SpeedTree9/UnpackDirection.uexp" 521
"../../../Engine/Content/Functions/Engine_MaterialFunctions02/ObjectLocalBounds.uasset" 522
"../../../Engine/Content/Functions/Engine_MaterialFunctions02/ObjectLocalBounds.uexp" 523
"../../../Engine/Content/Functions/Engine_MaterialFunctions02/UVs/BoundingBoxBased_0-1_UVW.uasset" 524
"../../../Engine/Content/Functions/Engine_MaterialFunctions02/UVs/BoundingBoxBased_0-1_UVW.uexp" 525
"../../../Engine/Content/Functions/Engine_MaterialFunctions02/Utility/VectorLength.uasset" 526
"../../../Engine/Content/Functions/Engine_MaterialFunctions02/Utility/VectorLength.uexp" 527
"../../../Engine/Plugins/Editor/SpeedTreeImporter/Content/SpeedTree9/UnpackInteger3.uasset" 528
"../../../Engine/Plugins/Editor/SpeedTreeImporter/Content/SpeedTree9/UnpackInteger3.uexp" 529
"../../../Engine/Plugins/Editor/SpeedTreeImporter/Content/SpeedTree9/SpeedTreeCameraFacing.uasset" 530
"../../../Engine/Plugins/Editor/SpeedTreeImporter/Content/SpeedTree9/SpeedTreeCameraFacing.uexp" 531
"../../../Engine/Content/Functions/Engine_MaterialFunctions02/WorldPositionOffset/ObjectScale.uasset" 532
"../../../Engine/Content/Functions/Engine_MaterialFunctions02/WorldPositionOffset/ObjectScale.uexp" 533
"../../../Engine/Content/Functions/Engine_MaterialFunctions02/SafeNormalize.uasset" 534
"../../../Engine/Content/Functions/Engine_MaterialFunctions02/SafeNormalize.uexp" 535
"../../../Engine/Plugins/Editor/SpeedTreeImporter/Content/SpeedTree9/SpeedTreeWindMotion.uasset" 536
"../../../Engine/Plugins/Editor/SpeedTreeImporter/Content/SpeedTree9/SpeedTreeWindMotion.uexp" 537
"../../../Engine/Plugins/Editor/SpeedTreeImporter/Content/SpeedTree9/SpeedTreeBranchMotion.uasset" 538
"../../../Engine/Plugins/Editor/SpeedTreeImporter/Content/SpeedTree9/SpeedTreeBranchMotion.uexp" 539
"../../../Engine/Plugins/Editor/SpeedTreeImporter/Content/SpeedTree9/SpeedTreeWind.uasset" 540
"../../../Engine/Plugins/Editor/SpeedTreeImporter/Content/SpeedTree9/SpeedTreeWind.uexp" 541
"../../../Engine/Plugins/Editor/SpeedTreeImporter/Content/SpeedTree9/EmptyNormal.uasset" 542
"../../../Engine/Plugins/Editor/SpeedTreeImporter/Content/SpeedTree9/EmptyNormal.uexp" 543
"../../../Engine/Plugins/Editor/SpeedTreeImporter/Content/SpeedTree9/Empty.uasset" 544
"../../../Engine/Plugins/Editor/SpeedTreeImporter/Content/SpeedTree9/Empty.uexp" 545
"../../../Engine/Plugins/Editor/SpeedTreeImporter/Content/SpeedTree9/SpeedTreeMaster.uasset" 546
"../../../Engine/Plugins/Editor/SpeedTreeImporter/Content/SpeedTree9/SpeedTreeMaster.uexp" 547
"../../../Engine/Plugins/Editor/SpeedTreeImporter/Content/SpeedTree9/SpeedTreeBillboard.uasset" 548
"../../../Engine/Plugins/Editor/SpeedTreeImporter/Content/SpeedTree9/SpeedTreeBillboard.uexp" 549
"../../../Engine/Plugins/Editor/SpeedTreeImporter/Content/SpeedTree9/SpeedTreeBillboardMaster.uasset" 550
"../../../Engine/Plugins/Editor/SpeedTreeImporter/Content/SpeedTree9/SpeedTreeBillboardMaster.uexp" 551
"../../../Engine/Plugins/Runtime/HairStrands/Content/Materials/HairMeshesDefaultMaterial.uasset" 552
"../../../Engine/Plugins/Runtime/HairStrands/Content/Materials/HairMeshesDefaultMaterial.uexp" 553
"../../../Engine/Plugins/Runtime/HairStrands/Content/Materials/HairDefaultMaterial.uasset" 554
"../../../Engine/Plugins/Runtime/HairStrands/Content/Materials/HairDefaultMaterial.uexp" 555
"../../../Engine/Plugins/Runtime/HairStrands/Content/Materials/HairGroupColors.uasset" 556
"../../../Engine/Plugins/Runtime/HairStrands/Content/Materials/HairGroupColors.uexp" 557
"../../../Engine/Content/EngineMaterials/HairColorMap.uasset" 558
"../../../Engine/Content/EngineMaterials/HairColorMap.uexp" 559
"../../../Engine/Content/EngineMaterials/HairDebugColor.uasset" 560
"../../../Engine/Content/EngineMaterials/HairDebugColor.uexp" 561
"../../../Engine/Plugins/Runtime/HairStrands/Content/Materials/HairDebugMaterial.uasset" 562
"../../../Engine/Plugins/Runtime/HairStrands/Content/Materials/HairDebugMaterial.uexp" 563
"../../../Engine/Plugins/Runtime/HairStrands/Content/Materials/HairCardsDefaultMaterial.uasset" 564
"../../../Engine/Plugins/Runtime/HairStrands/Content/Materials/HairCardsDefaultMaterial.uexp" 565
"../../../Engine/Content/EngineSky/C_Sky_Horizon_Color.uasset" 566
"../../../Engine/Content/EngineSky/C_Sky_Horizon_Color.uexp" 567
"../../../Engine/Content/EngineSky/C_Sky_Cloud_Color.uasset" 568
"../../../Engine/Content/EngineSky/C_Sky_Cloud_Color.uexp" 569
"../../../Engine/Content/EngineSky/C_Sky_Zenith_Color.uasset" 570
"../../../Engine/Content/EngineSky/C_Sky_Zenith_Color.uexp" 571
"../../../Engine/Content/EditorBlueprintResources/StandardMacros.uasset" 572
"../../../Engine/Content/EditorBlueprintResources/StandardMacros.uexp" 573
"../../../Engine/Content/EngineSky/BP_Sky_Sphere.uasset" 574
"../../../Engine/Content/EngineSky/BP_Sky_Sphere.uexp" 575
"C:/Users/Charlie/Desktop/CPSC-386---CrossyRoad-project-master/Content/Materials/grass3.ubulk" 576
"C:/Users/Charlie/Desktop/CPSC-386---CrossyRoad-project-master/Content/Materials/grass3.uasset" 577
"C:/Users/Charlie/Desktop/CPSC-386---CrossyRoad-project-master/Content/Materials/grass3.uexp" 578
"C:/Users/Charlie/Desktop/CPSC-386---CrossyRoad-project-master/Content/Materials/palette_001.uasset" 579
"C:/Users/Charlie/Desktop/CPSC-386---CrossyRoad-project-master/Content/Materials/palette_001.uexp" 580
"C:/Users/Charlie/Desktop/CPSC-386---CrossyRoad-project-master/Content/Materials/grass2.uasset" 581
"C:/Users/Charlie/Desktop/CPSC-386---CrossyRoad-project-master/Content/Materials/grass2.uexp" 582
"C:/Users/Charlie/Desktop/CPSC-386---CrossyRoad-project-master/Content/Terrain/Grass1terrain.uasset" 583
"C:/Users/Charlie/Desktop/CPSC-386---CrossyRoad-project-master/Content/Terrain/Grass1terrain.uexp" 584
"C:/Users/Charlie/Desktop/CPSC-386---CrossyRoad-project-master/Content/Sound/buck1.uasset" 585
"C:/Users/Charlie/Desktop/CPSC-386---CrossyRoad-project-master/Content/Sound/buck1.uexp" 586
"C:/Users/Charlie/Desktop/CPSC-386---CrossyRoad-project-master/Content/Sound/Chicken_Bok.uasset" 587
"C:/Users/Charlie/Desktop/CPSC-386---CrossyRoad-project-master/Content/Sound/Chicken_Bok.uexp" 588
"C:/Users/Charlie/Desktop/CPSC-386---CrossyRoad-project-master/Content/ScoreBoard.uasset" 589
"C:/Users/Charlie/Desktop/CPSC-386---CrossyRoad-project-master/Content/ScoreBoard.uexp" 590
"C:/Users/Charlie/Desktop/CPSC-386---CrossyRoad-project-master/Content/Sound/train_alarm_attenuation.uasset" 591
"C:/Users/Charlie/Desktop/CPSC-386---CrossyRoad-project-master/Content/Sound/train_alarm_attenuation.uexp" 592
"C:/Users/Charlie/Desktop/CPSC-386---CrossyRoad-project-master/Content/Sound/Train_Alarm.ubulk" 593
"C:/Users/Charlie/Desktop/CPSC-386---CrossyRoad-project-master/Content/Sound/Train_Alarm.uasset" 594
"C:/Users/Charlie/Desktop/CPSC-386---CrossyRoad-project-master/Content/Sound/Train_Alarm.uexp" 595
"C:/Users/Charlie/Desktop/CPSC-386---CrossyRoad-project-master/Content/Materials/vehicles/train1.uasset" 596
"C:/Users/Charlie/Desktop/CPSC-386---CrossyRoad-project-master/Content/Materials/vehicles/train1.uexp" 597
"C:/Users/Charlie/Desktop/CPSC-386---CrossyRoad-project-master/Content/Sound/train_attenuation.uasset" 598
"C:/Users/Charlie/Desktop/CPSC-386---CrossyRoad-project-master/Content/Sound/train_attenuation.uexp" 599
"C:/Users/Charlie/Desktop/CPSC-386---CrossyRoad-project-master/Content/Sound/train_pass_shorter.ubulk" 600
"C:/Users/Charlie/Desktop/CPSC-386---CrossyRoad-project-master/Content/Sound/train_pass_shorter.uasset" 601
"C:/Users/Charlie/Desktop/CPSC-386---CrossyRoad-project-master/Content/Sound/train_pass_shorter.uexp" 602
"C:/Users/Charlie/Desktop/CPSC-386---CrossyRoad-project-master/Content/Vehicles/Train1Vehicle.uasset" 603
"C:/Users/Charlie/Desktop/CPSC-386---CrossyRoad-project-master/Content/Vehicles/Train1Vehicle.uexp" 604
"C:/Users/Charlie/Desktop/CPSC-386---CrossyRoad-project-master/Content/Materials/vehicles/traintrack1.uasset" 605
"C:/Users/Charlie/Desktop/CPSC-386---CrossyRoad-project-master/Content/Materials/vehicles/traintrack1.uexp" 606
"C:/Users/Charlie/Desktop/CPSC-386---CrossyRoad-project-master/Content/Terrain/TrainTrack1Terrain.uasset" 607
"C:/Users/Charlie/Desktop/CPSC-386---CrossyRoad-project-master/Content/Terrain/TrainTrack1Terrain.uexp" 608
"C:/Users/Charlie/Desktop/CPSC-386---CrossyRoad-project-master/Content/Materials/vehicles/truck1.uasset" 609
"C:/Users/Charlie/Desktop/CPSC-386---CrossyRoad-project-master/Content/Materials/vehicles/truck1.uexp" 610
"C:/Users/Charlie/Desktop/CPSC-386---CrossyRoad-project-master/Content/Vehicles/truck2vehicle.uasset" 611
"C:/Users/Charlie/Desktop/CPSC-386---CrossyRoad-project-master/Content/Vehicles/truck2vehicle.uexp" 612
"C:/Users/Charlie/Desktop/CPSC-386---CrossyRoad-project-master/Content/Vehicles/truck1vehicle.uasset" 613
"C:/Users/Charlie/Desktop/CPSC-386---CrossyRoad-project-master/Content/Vehicles/truck1vehicle.uexp" 614
"C:/Users/Charlie/Desktop/CPSC-386---CrossyRoad-project-master/Content/Materials/log/river1.ubulk" 615
"C:/Users/Charlie/Desktop/CPSC-386---CrossyRoad-project-master/Content/Materials/log/river1.uasset" 616
"C:/Users/Charlie/Desktop/CPSC-386---CrossyRoad-project-master/Content/Materials/log/river1.uexp" 617
"C:/Users/Charlie/Desktop/CPSC-386---CrossyRoad-project-master/Content/Materials/log/logpallette.uasset" 618
"C:/Users/Charlie/Desktop/CPSC-386---CrossyRoad-project-master/Content/Materials/log/logpallette.uexp" 619
"C:/Users/Charlie/Desktop/CPSC-386---CrossyRoad-project-master/Content/Materials/log/log1.uasset" 620
"C:/Users/Charlie/Desktop/CPSC-386---CrossyRoad-project-master/Content/Materials/log/log1.uexp" 621
"C:/Users/Charlie/Desktop/CPSC-386---CrossyRoad-project-master/Content/Terrain/Log1Terrain.uasset" 622
"C:/Users/Charlie/Desktop/CPSC-386---CrossyRoad-project-master/Content/Terrain/Log1Terrain.uexp" 623
"C:/Users/Charlie/Desktop/CPSC-386---CrossyRoad-project-master/Content/Materials/vehicles/car1.uasset" 624
"C:/Users/Charlie/Desktop/CPSC-386---CrossyRoad-project-master/Content/Materials/vehicles/car1.uexp" 625
"C:/Users/Charlie/Desktop/CPSC-386---CrossyRoad-project-master/Content/Sound/car-horn.ubulk" 626
"C:/Users/Charlie/Desktop/CPSC-386---CrossyRoad-project-master/Content/Sound/car-horn.uasset" 627
"C:/Users/Charlie/Desktop/CPSC-386---CrossyRoad-project-master/Content/Sound/car-horn.uexp" 628
"C:/Users/Charlie/Desktop/CPSC-386---CrossyRoad-project-master/Content/Vehicles/Car1Vehicle.uasset" 629
"C:/Users/Charlie/Desktop/CPSC-386---CrossyRoad-project-master/Content/Vehicles/Car1Vehicle.uexp" 630
"C:/Users/Charlie/Desktop/CPSC-386---CrossyRoad-project-master/Content/Materials/vehicles/road1.uasset" 631
"C:/Users/Charlie/Desktop/CPSC-386---CrossyRoad-project-master/Content/Materials/vehicles/road1.uexp" 632
"C:/Users/Charlie/Desktop/CPSC-386---CrossyRoad-project-master/Content/Vehicles/Car2Vehicle.uasset" 633
"C:/Users/Charlie/Desktop/CPSC-386---CrossyRoad-project-master/Content/Vehicles/Car2Vehicle.uexp" 634
"C:/Users/Charlie/Desktop/CPSC-386---CrossyRoad-project-master/Content/Terrain/road1terrain.uasset" 635
"C:/Users/Charlie/Desktop/CPSC-386---CrossyRoad-project-master/Content/Terrain/road1terrain.uexp" 636
"C:/Users/Charlie/Desktop/CPSC-386---CrossyRoad-project-master/Content/Sound/explosion.ubulk" 637
"C:/Users/Charlie/Desktop/CPSC-386---CrossyRoad-project-master/Content/Sound/explosion.uasset" 638
"C:/Users/Charlie/Desktop/CPSC-386---CrossyRoad-project-master/Content/Sound/explosion.uexp" 639
"C:/Users/Charlie/Desktop/CPSC-386---CrossyRoad-project-master/Content/Vehicles/missile.uasset" 640
"C:/Users/Charlie/Desktop/CPSC-386---CrossyRoad-project-master/Content/Vehicles/missile.uexp" 641
"C:/Users/Charlie/Desktop/CPSC-386---CrossyRoad-project-master/Content/Materials/log/lilypad1.ubulk" 642
"C:/Users/Charlie/Desktop/CPSC-386---CrossyRoad-project-master/Content/Materials/log/lilypad1.uasset" 643
"C:/Users/Charlie/Desktop/CPSC-386---CrossyRoad-project-master/Content/Materials/log/lilypad1.uexp" 644
"C:/Users/Charlie/Desktop/CPSC-386---CrossyRoad-project-master/Content/Materials/palette.uasset" 645
"C:/Users/Charlie/Desktop/CPSC-386---CrossyRoad-project-master/Content/Materials/palette.uexp" 646
"C:/Users/Charlie/Desktop/CPSC-386---CrossyRoad-project-master/Content/Materials/vehicles/missile.uasset" 647
"C:/Users/Charlie/Desktop/CPSC-386---CrossyRoad-project-master/Content/Materials/vehicles/missile.uexp" 648
"C:/Users/Charlie/Desktop/CPSC-386---CrossyRoad-project-master/Content/Vehicles/EagleSpawner.uasset" 649
"C:/Users/Charlie/Desktop/CPSC-386---CrossyRoad-project-master/Content/Vehicles/EagleSpawner.uexp" 650
"C:/Users/Charlie/Desktop/CPSC-386---CrossyRoad-project-master/Content/Materials/log/lilypad.uasset" 651
"C:/Users/Charlie/Desktop/CPSC-386---CrossyRoad-project-master/Content/Materials/log/lilypad.uexp" 652
"C:/Users/Charlie/Desktop/CPSC-386---CrossyRoad-project-master/Content/Terrain/Lilypad1Terrain.uasset" 653
"C:/Users/Charlie/Desktop/CPSC-386---CrossyRoad-project-master/Content/Terrain/Lilypad1Terrain.uexp" 654
"C:/Users/Charlie/Desktop/CPSC-386---CrossyRoad-project-master/Content/Materials/chicken1.ubulk" 655
"C:/Users/Charlie/Desktop/CPSC-386---CrossyRoad-project-master/Content/Materials/chicken1.uasset" 656
"C:/Users/Charlie/Desktop/CPSC-386---CrossyRoad-project-master/Content/Materials/chicken1.uexp" 657
"C:/Users/Charlie/Desktop/CPSC-386---CrossyRoad-project-master/Content/Materials/grass/grass0pallette.uasset" 658
"C:/Users/Charlie/Desktop/CPSC-386---CrossyRoad-project-master/Content/Materials/grass/grass0pallette.uexp" 659
"C:/Users/Charlie/Desktop/CPSC-386---CrossyRoad-project-master/Content/Materials/chicken.uasset" 660
"C:/Users/Charlie/Desktop/CPSC-386---CrossyRoad-project-master/Content/Materials/chicken.uexp" 661
"C:/Users/Charlie/Desktop/CPSC-386---CrossyRoad-project-master/Content/Materials/grass/grass0.uasset" 662
"C:/Users/Charlie/Desktop/CPSC-386---CrossyRoad-project-master/Content/Materials/grass/grass0.uexp" 663
"C:/Users/Charlie/Desktop/CPSC-386---CrossyRoad-project-master/Content/Materials/river.uasset" 664
"C:/Users/Charlie/Desktop/CPSC-386---CrossyRoad-project-master/Content/Materials/river.uexp" 665
"C:/Users/Charlie/Desktop/CPSC-386---CrossyRoad-project-master/Content/Terrain/Log2Terrain.uasset" 666
"C:/Users/Charlie/Desktop/CPSC-386---CrossyRoad-project-master/Content/Terrain/Log2Terrain.uexp" 667
"C:/Users/Charlie/Desktop/CPSC-386---CrossyRoad-project-master/Content/Terrain/River1Terrain.uasset" 668
"C:/Users/Charlie/Desktop/CPSC-386---CrossyRoad-project-master/Content/Terrain/River1Terrain.uexp" 669
"C:/Users/Charlie/Desktop/CPSC-386---CrossyRoad-project-master/Content/Terrain/Grass0terrain.uasset" 670
"C:/Users/Charlie/Desktop/CPSC-386---CrossyRoad-project-master/Content/Terrain/Grass0terrain.uexp" 671
"C:/Users/Charlie/Desktop/CPSC-386---CrossyRoad-project-master/Content/Terrain_Spawner.uasset" 672
"C:/Users/Charlie/Desktop/CPSC-386---CrossyRoad-project-master/Content/Terrain_Spawner.uexp" 673
"C:/Users/Charlie/Desktop/CPSC-386---CrossyRoad-project-master/Content/Chiken.uasset" 674
"C:/Users/Charlie/Desktop/CPSC-386---CrossyRoad-project-master/Content/Chiken.uexp" 675
"C:/Users/Charlie/Desktop/CPSC-386---CrossyRoad-project-master/Content/CrossyRoadGM.uasset" 676
"C:/Users/Charlie/Desktop/CPSC-386---CrossyRoad-project-master/Content/CrossyRoadGM.uexp" 677
"C:/Users/Charlie/Desktop/CPSC-386---CrossyRoad-project-master/Content/CrossyRoad_BuiltData.uasset" 678
"C:/Users/Charlie/Desktop/CPSC-386---CrossyRoad-project-master/Content/CrossyRoad_BuiltData.uexp" 679
"C:/Users/Charlie/Desktop/CPSC-386---CrossyRoad-project-master/Content/CrossyRoad.uexp" 680
"C:/Users/Charlie/Desktop/CPSC-386---CrossyRoad-project-master/Content/CrossyRoad.umap" 681
"../../../Engine/Content/Maps/Entry_BuiltData.uasset" 682
"../../../Engine/Content/Maps/Entry_BuiltData.uexp" 683
"../../../Engine/Content/Maps/Entry.uexp" 684
"../../../Engine/Content/Maps/Entry.umap" 685
"../../../Engine/Content/Maps/Templates/OpenWorld.uexp" 686
"../../../Engine/Content/Maps/Templates/OpenWorld.ubulk" 687
"../../../Engine/Content/Maps/Templates/OpenWorld.umap" 688
"../../../Engine/Content/Maps/Templates/OpenWorld/_Generated_/OpenWorld_MainGrid_L2_X0_Y-1_DL0.uexp" 689
"../../../Engine/Content/Maps/Templates/OpenWorld/_Generated_/OpenWorld_MainGrid_L2_X0_Y-1_DL0.ubulk" 690
"../../../Engine/Content/Maps/Templates/OpenWorld/_Generated_/OpenWorld_MainGrid_L2_X0_Y-1_DL0.umap" 691
"../../../Engine/Content/Maps/Templates/OpenWorld/_Generated_/OpenWorld_MainGrid_L1_X-1_Y-1_DL0.uexp" 692
"../../../Engine/Content/Maps/Templates/OpenWorld/_Generated_/OpenWorld_MainGrid_L1_X-1_Y-1_DL0.ubulk" 693
"../../../Engine/Content/Maps/Templates/OpenWorld/_Generated_/OpenWorld_MainGrid_L1_X-1_Y-1_DL0.umap" 694
"../../../Engine/Content/Maps/Templates/OpenWorld/_Generated_/OpenWorld_MainGrid_L1_X-2_Y0_DL0.uexp" 695
"../../../Engine/Content/Maps/Templates/OpenWorld/_Generated_/OpenWorld_MainGrid_L1_X-2_Y0_DL0.ubulk" 696
"../../../Engine/Content/Maps/Templates/OpenWorld/_Generated_/OpenWorld_MainGrid_L1_X-2_Y0_DL0.umap" 697
"../../../Engine/Content/Maps/Templates/OpenWorld/_Generated_/OpenWorld_MainGrid_L0_X0_Y0_DL0.uexp" 698
"../../../Engine/Content/Maps/Templates/OpenWorld/_Generated_/OpenWorld_MainGrid_L0_X0_Y0_DL0.ubulk" 699
"../../../Engine/Content/Maps/Templates/OpenWorld/_Generated_/OpenWorld_MainGrid_L0_X0_Y0_DL0.umap" 700
"../../../Engine/Content/Maps/Templates/OpenWorld/_Generated_/OpenWorld_MainGrid_L1_X1_Y-2_DL0.uexp" 701
"../../../Engine/Content/Maps/Templates/OpenWorld/_Generated_/OpenWorld_MainGrid_L1_X1_Y-2_DL0.ubulk" 702
"../../../Engine/Content/Maps/Templates/OpenWorld/_Generated_/OpenWorld_MainGrid_L1_X1_Y-2_DL0.umap" 703
"../../../Engine/Content/Maps/Templates/OpenWorld/_Generated_/OpenWorld_MainGrid_L1_X0_Y1_DL0.uexp" 704
"../../../Engine/Content/Maps/Templates/OpenWorld/_Generated_/OpenWorld_MainGrid_L1_X0_Y1_DL0.ubulk" 705
"../../../Engine/Content/Maps/Templates/OpenWorld/_Generated_/OpenWorld_MainGrid_L1_X0_Y1_DL0.umap" 706
"../../../Engine/Content/Maps/Templates/OpenWorld/_Generated_/OpenWorld_MainGrid_L1_X-1_Y1_DL0.uexp" 707
"../../../Engine/Content/Maps/Templates/OpenWorld/_Generated_/OpenWorld_MainGrid_L1_X-1_Y1_DL0.ubulk" 708
"../../../Engine/Content/Maps/Templates/OpenWorld/_Generated_/OpenWorld_MainGrid_L1_X-1_Y1_DL0.umap" 709
"../../../Engine/Content/Maps/Templates/OpenWorld/_Generated_/OpenWorld_MainGrid_L1_X-2_Y-1_DL0.uexp" 710
"../../../Engine/Content/Maps/Templates/OpenWorld/_Generated_/OpenWorld_MainGrid_L1_X-2_Y-1_DL0.ubulk" 711
"../../../Engine/Content/Maps/Templates/OpenWorld/_Generated_/OpenWorld_MainGrid_L1_X-2_Y-1_DL0.umap" 712
"../../../Engine/Content/Maps/Templates/OpenWorld/_Generated_/OpenWorld_MainGrid_L1_X-1_Y0_DL0.uexp" 713
"../../../Engine/Content/Maps/Templates/OpenWorld/_Generated_/OpenWorld_MainGrid_L1_X-1_Y0_DL0.ubulk" 714
"../../../Engine/Content/Maps/Templates/OpenWorld/_Generated_/OpenWorld_MainGrid_L1_X-1_Y0_DL0.umap" 715
"../../../Engine/Content/Maps/Templates/OpenWorld/_Generated_/OpenWorld_MainGrid_L1_X-1_Y-2_DL0.uexp" 716
"../../../Engine/Content/Maps/Templates/OpenWorld/_Generated_/OpenWorld_MainGrid_L1_X-1_Y-2_DL0.ubulk" 717
"../../../Engine/Content/Maps/Templates/OpenWorld/_Generated_/OpenWorld_MainGrid_L1_X-1_Y-2_DL0.umap" 718
"../../../Engine/Content/Maps/Templates/OpenWorld/_Generated_/OpenWorld_MainGrid_L1_X-2_Y-2_DL0.uexp" 719
"../../../Engine/Content/Maps/Templates/OpenWorld/_Generated_/OpenWorld_MainGrid_L1_X-2_Y-2_DL0.ubulk" 720
"../../../Engine/Content/Maps/Templates/OpenWorld/_Generated_/OpenWorld_MainGrid_L1_X-2_Y-2_DL0.umap" 721
"../../../Engine/Content/Maps/Templates/OpenWorld/_Generated_/OpenWorld_MainGrid_L1_X-2_Y1_DL0.uexp" 722
"../../../Engine/Content/Maps/Templates/OpenWorld/_Generated_/OpenWorld_MainGrid_L1_X-2_Y1_DL0.ubulk" 723
"../../../Engine/Content/Maps/Templates/OpenWorld/_Generated_/OpenWorld_MainGrid_L1_X-2_Y1_DL0.umap" 724
"../../../Engine/Content/Maps/Templates/OpenWorld/_Generated_/OpenWorld_MainGrid_L1_X0_Y-2_DL0.uexp" 725
"../../../Engine/Content/Maps/Templates/OpenWorld/_Generated_/OpenWorld_MainGrid_L1_X0_Y-2_DL0.ubulk" 726
"../../../Engine/Content/Maps/Templates/OpenWorld/_Generated_/OpenWorld_MainGrid_L1_X0_Y-2_DL0.umap" 727
"../../../Engine/Content/Maps/Templates/OpenWorld/_Generated_/OpenWorld_MainGrid_L1_X1_Y-1_DL0.uexp" 728
"../../../Engine/Content/Maps/Templates/OpenWorld/_Generated_/OpenWorld_MainGrid_L1_X1_Y-1_DL0.ubulk" 729
"../../../Engine/Content/Maps/Templates/OpenWorld/_Generated_/OpenWorld_MainGrid_L1_X1_Y-1_DL0.umap" 730
"../../../Engine/Content/Maps/Templates/OpenWorld/_Generated_/OpenWorld_MainGrid_L1_X1_Y1_DL0.uexp" 731
"../../../Engine/Content/Maps/Templates/OpenWorld/_Generated_/OpenWorld_MainGrid_L1_X1_Y1_DL0.ubulk" 732
"../../../Engine/Content/Maps/Templates/OpenWorld/_Generated_/OpenWorld_MainGrid_L1_X1_Y1_DL0.umap" 733
"../../../Engine/Content/Maps/Templates/OpenWorld/_Generated_/OpenWorld_MainGrid_L1_X0_Y0_DL0.uexp" 734
"../../../Engine/Content/Maps/Templates/OpenWorld/_Generated_/OpenWorld_MainGrid_L1_X0_Y0_DL0.ubulk" 735
"../../../Engine/Content/Maps/Templates/OpenWorld/_Generated_/OpenWorld_MainGrid_L1_X0_Y0_DL0.umap" 736
"../../../Engine/Content/Maps/Templates/OpenWorld/_Generated_/OpenWorld_MainGrid_L1_X1_Y0_DL0.uexp" 737
"../../../Engine/Content/Maps/Templates/OpenWorld/_Generated_/OpenWorld_MainGrid_L1_X1_Y0_DL0.ubulk" 738
"../../../Engine/Content/Maps/Templates/OpenWorld/_Generated_/OpenWorld_MainGrid_L1_X1_Y0_DL0.umap" 739
"../../../Engine/Content/Maps/Templates/OpenWorld/_Generated_/OpenWorld_MainGrid_L2_X-1_Y-1_DL0.uexp" 740
"../../../Engine/Content/Maps/Templates/OpenWorld/_Generated_/OpenWorld_MainGrid_L2_X-1_Y-1_DL0.ubulk" 741
"../../../Engine/Content/Maps/Templates/OpenWorld/_Generated_/OpenWorld_MainGrid_L2_X-1_Y-1_DL0.umap" 742
"../../../Engine/Content/Maps/Templates/OpenWorld/_Generated_/OpenWorld_MainGrid_L2_X0_Y0_DL0.uexp" 743
"../../../Engine/Content/Maps/Templates/OpenWorld/_Generated_/OpenWorld_MainGrid_L2_X0_Y0_DL0.ubulk" 744
"../../../Engine/Content/Maps/Templates/OpenWorld/_Generated_/OpenWorld_MainGrid_L2_X0_Y0_DL0.umap" 745
"../../../Engine/Content/Maps/Templates/OpenWorld/_Generated_/OpenWorld_MainGrid_L2_X-1_Y0_DL0.uexp" 746
"../../../Engine/Content/Maps/Templates/OpenWorld/_Generated_/OpenWorld_MainGrid_L2_X-1_Y0_DL0.ubulk" 747
"../../../Engine/Content/Maps/Templates/OpenWorld/_Generated_/OpenWorld_MainGrid_L2_X-1_Y0_DL0.umap" 748
"../../../Engine/Content/Maps/Templates/OpenWorld/_Generated_/OpenWorld_MainGrid_L1_X0_Y-1_DL0.uexp" 749
"../../../Engine/Content/Maps/Templates/OpenWorld/_Generated_/OpenWorld_MainGrid_L1_X0_Y-1_DL0.ubulk" 750
"../../../Engine/Content/Maps/Templates/OpenWorld/_Generated_/OpenWorld_MainGrid_L1_X0_Y-1_DL0.umap" 751
